15:02:54:447  INFO 8096 --- [main] com.hmall.cart.CartApplication           : Starting CartApplication using Java 11.0.30 on linzhou with PID 8096 (D:\java_all_codes\hmall\cart-service\target\classes started by linz in D:\java_all_codes\hmall)
15:02:54:450 DEBUG 8096 --- [main] com.hmall.cart.CartApplication           : Running with Spring Boot v2.7.12, Spring v5.3.27
15:02:54:451  INFO 8096 --- [main] com.hmall.cart.CartApplication           : The following 1 profile is active: "local"
15:02:55:427  WARN 8096 --- [main] o.a.catalina.core.AprLifecycleListener   : The Apache Tomcat Native library failed to load. The error reported was [D:\install\apache-tomcat-8.5.68\bin\tcnative-1.dll: Can't load IA 32-bit .dll on a AMD 64-bit platform]

java.lang.UnsatisfiedLinkError: D:\install\apache-tomcat-8.5.68\bin\tcnative-1.dll: Can't load IA 32-bit .dll on a AMD 64-bit platform
	at java.base/java.lang.ClassLoader$NativeLibrary.load0(Native Method) ~[na:na]
	at java.base/java.lang.ClassLoader$NativeLibrary.load(ClassLoader.java:2450) ~[na:na]
	at java.base/java.lang.ClassLoader$NativeLibrary.loadLibrary(ClassLoader.java:2506) ~[na:na]
	at java.base/java.lang.ClassLoader.loadLibrary0(ClassLoader.java:2705) ~[na:na]
	at java.base/java.lang.ClassLoader.loadLibrary(ClassLoader.java:2667) ~[na:na]
	at java.base/java.lang.Runtime.loadLibrary0(Runtime.java:830) ~[na:na]
	at java.base/java.lang.System.loadLibrary(System.java:1890) ~[na:na]
	at org.apache.tomcat.jni.Library.<init>(Library.java:62) ~[tomcat-embed-core-9.0.75.jar:9.0.75]
	at org.apache.tomcat.jni.Library.initialize(Library.java:232) ~[tomcat-embed-core-9.0.75.jar:9.0.75]
	at org.apache.catalina.core.AprLifecycleListener.init(AprLifecycleListener.java:194) ~[tomcat-embed-core-9.0.75.jar:9.0.75]
	at org.apache.catalina.core.AprLifecycleListener.isAprAvailable(AprLifecycleListener.java:107) ~[tomcat-embed-core-9.0.75.jar:9.0.75]
	at org.springframework.boot.web.embedded.tomcat.TomcatServletWebServerFactory.getDefaultServerLifecycleListeners(TomcatServletWebServerFactory.java:182) ~[spring-boot-2.7.12.jar:2.7.12]
	at org.springframework.boot.web.embedded.tomcat.TomcatServletWebServerFactory.<init>(TomcatServletWebServerFactory.java:129) ~[spring-boot-2.7.12.jar:2.7.12]
	at org.springframework.boot.autoconfigure.web.servlet.ServletWebServerFactoryConfiguration$EmbeddedTomcat.tomcatServletWebServerFactory(ServletWebServerFactoryConfiguration.java:76) ~[spring-boot-autoconfigure-2.7.12.jar:2.7.12]
	at java.base/jdk.internal.reflect.NativeMethodAccessorImpl.invoke0(Native Method) ~[na:na]
	at java.base/jdk.internal.reflect.NativeMethodAccessorImpl.invoke(NativeMethodAccessorImpl.java:62) ~[na:na]
	at java.base/jdk.internal.reflect.DelegatingMethodAccessorImpl.invoke(DelegatingMethodAccessorImpl.java:43) ~[na:na]
	at java.base/java.lang.reflect.Method.invoke(Method.java:566) ~[na:na]
	at org.springframework.beans.factory.support.SimpleInstantiationStrategy.instantiate(SimpleInstantiationStrategy.java:154) ~[spring-beans-5.3.27.jar:5.3.27]
	at org.springframework.beans.factory.support.ConstructorResolver.instantiate(ConstructorResolver.java:653) ~[spring-beans-5.3.27.jar:5.3.27]
	at org.springframework.beans.factory.support.ConstructorResolver.instantiateUsingFactoryMethod(ConstructorResolver.java:638) ~[spring-beans-5.3.27.jar:5.3.27]
	at org.springframework.beans.factory.support.AbstractAutowireCapableBeanFactory.instantiateUsingFactoryMethod(AbstractAutowireCapableBeanFactory.java:1352) ~[spring-beans-5.3.27.jar:5.3.27]
	at org.springframework.beans.factory.support.AbstractAutowireCapableBeanFactory.createBeanInstance(AbstractAutowireCapableBeanFactory.java:1195) ~[spring-beans-5.3.27.jar:5.3.27]
	at org.springframework.beans.factory.support.AbstractAutowireCapableBeanFactory.doCreateBean(AbstractAutowireCapableBeanFactory.java:582) ~[spring-beans-5.3.27.jar:5.3.27]
	at org.springframework.beans.factory.support.AbstractAutowireCapableBeanFactory.createBean(AbstractAutowireCapableBeanFactory.java:542) ~[spring-beans-5.3.27.jar:5.3.27]
	at org.springframework.beans.factory.support.AbstractBeanFactory.lambda$doGetBean$0(AbstractBeanFactory.java:335) ~[spring-beans-5.3.27.jar:5.3.27]
	at org.springframework.beans.factory.support.DefaultSingletonBeanRegistry.getSingleton(DefaultSingletonBeanRegistry.java:234) ~[spring-beans-5.3.27.jar:5.3.27]
	at org.springframework.beans.factory.support.AbstractBeanFactory.doGetBean(AbstractBeanFactory.java:333) ~[spring-beans-5.3.27.jar:5.3.27]
	at org.springframework.beans.factory.support.AbstractBeanFactory.getBean(AbstractBeanFactory.java:213) ~[spring-beans-5.3.27.jar:5.3.27]
	at org.springframework.boot.web.servlet.context.ServletWebServerApplicationContext.getWebServerFactory(ServletWebServerApplicationContext.java:219) ~[spring-boot-2.7.12.jar:2.7.12]
	at org.springframework.boot.web.servlet.context.ServletWebServerApplicationContext.createWebServer(ServletWebServerApplicationContext.java:182) ~[spring-boot-2.7.12.jar:2.7.12]
	at org.springframework.boot.web.servlet.context.ServletWebServerApplicationContext.onRefresh(ServletWebServerApplicationContext.java:162) ~[spring-boot-2.7.12.jar:2.7.12]
	at org.springframework.context.support.AbstractApplicationContext.refresh(AbstractApplicationContext.java:577) ~[spring-context-5.3.27.jar:5.3.27]
	at org.springframework.boot.web.servlet.context.ServletWebServerApplicationContext.refresh(ServletWebServerApplicationContext.java:147) ~[spring-boot-2.7.12.jar:2.7.12]
	at org.springframework.boot.SpringApplication.refresh(SpringApplication.java:731) ~[spring-boot-2.7.12.jar:2.7.12]
	at org.springframework.boot.SpringApplication.refreshContext(SpringApplication.java:408) ~[spring-boot-2.7.12.jar:2.7.12]
	at org.springframework.boot.SpringApplication.run(SpringApplication.java:307) ~[spring-boot-2.7.12.jar:2.7.12]
	at org.springframework.boot.SpringApplication.run(SpringApplication.java:1303) ~[spring-boot-2.7.12.jar:2.7.12]
	at org.springframework.boot.SpringApplication.run(SpringApplication.java:1292) ~[spring-boot-2.7.12.jar:2.7.12]
	at com.hmall.cart.CartApplication.main(CartApplication.java:11) ~[classes/:na]

15:02:55:610  INFO 8096 --- [main] o.s.b.w.embedded.tomcat.TomcatWebServer  : Tomcat initialized with port(s): 8082 (http)
15:02:55:619  INFO 8096 --- [main] o.apache.catalina.core.StandardService   : Starting service [Tomcat]
15:02:55:619  INFO 8096 --- [main] org.apache.catalina.core.StandardEngine  : Starting Servlet engine: [Apache Tomcat/9.0.75]
15:02:55:761  INFO 8096 --- [main] o.a.c.c.C.[Tomcat].[localhost].[/]       : Initializing Spring embedded WebApplicationContext
15:02:55:761  INFO 8096 --- [main] w.s.c.ServletWebServerApplicationContext : Root WebApplicationContext: initialization completed in 1254 ms
15:02:57:132  INFO 8096 --- [main] pertySourcedRequestMappingHandlerMapping : Mapped URL path [/v2/api-docs] onto method [springfox.documentation.swagger2.web.Swagger2ControllerWebMvc#getDocumentation(String, HttpServletRequest)]
15:02:57:232  INFO 8096 --- [main] o.s.b.w.embedded.tomcat.TomcatWebServer  : Tomcat started on port(s): 8082 (http) with context path ''
15:02:57:233  INFO 8096 --- [main] d.s.w.p.DocumentationPluginsBootstrapper : Documentation plugins bootstrapped
15:02:57:235  INFO 8096 --- [main] d.s.w.p.DocumentationPluginsBootstrapper : Found 1 custom documentation plugin(s)
15:02:57:260  INFO 8096 --- [main] s.d.s.w.s.ApiListingReferenceScanner     : Scanning for api listing references
15:02:57:374  INFO 8096 --- [main] com.hmall.cart.CartApplication           : Started CartApplication in 3.378 seconds (JVM running for 4.772)
15:03:04:550  INFO 8096 --- [http-nio-8082-exec-1] o.a.c.c.C.[Tomcat].[localhost].[/]       : Initializing Spring DispatcherServlet 'dispatcherServlet'
15:03:04:552  INFO 8096 --- [http-nio-8082-exec-1] o.s.web.servlet.DispatcherServlet        : Initializing Servlet 'dispatcherServlet'
15:03:04:553  INFO 8096 --- [http-nio-8082-exec-1] o.s.web.servlet.DispatcherServlet        : Completed initialization in 1 ms
15:03:24:650  INFO 8096 --- [http-nio-8082-exec-3] com.zaxxer.hikari.HikariDataSource       : HikariPool-1 - Starting...
15:03:25:099  INFO 8096 --- [http-nio-8082-exec-3] com.zaxxer.hikari.HikariDataSource       : HikariPool-1 - Start completed.
15:03:25:108 DEBUG 8096 --- [http-nio-8082-exec-3] c.h.cart.mapper.CartMapper.selectList    : ==>  Preparing: SELECT id,user_id,item_id,num,name,spec,price,image,create_time,update_time FROM cart WHERE (user_id = ?)
15:03:25:127 DEBUG 8096 --- [http-nio-8082-exec-3] c.h.cart.mapper.CartMapper.selectList    : ==> Parameters: 1(Long)
15:03:25:148 DEBUG 8096 --- [http-nio-8082-exec-3] c.h.cart.mapper.CartMapper.selectList    : <==      Total: 1
16:19:00:658  INFO 8096 --- [SpringApplicationShutdownHook] com.zaxxer.hikari.HikariDataSource       : HikariPool-1 - Shutdown initiated...
16:19:00:694  INFO 8096 --- [SpringApplicationShutdownHook] com.zaxxer.hikari.HikariDataSource       : HikariPool-1 - Shutdown completed.
16:19:08:458  INFO 26608 --- [main] com.hmall.cart.CartApplication           : Starting CartApplication using Java 11.0.30 on linzhou with PID 26608 (D:\java_all_codes\hmall\cart-service\target\classes started by linz in D:\java_all_codes\hmall)
16:19:08:461 DEBUG 26608 --- [main] com.hmall.cart.CartApplication           : Running with Spring Boot v2.7.12, Spring v5.3.27
16:19:08:461  INFO 26608 --- [main] com.hmall.cart.CartApplication           : The following 1 profile is active: "local"
16:19:09:573  WARN 26608 --- [main] o.a.catalina.core.AprLifecycleListener   : The Apache Tomcat Native library failed to load. The error reported was [D:\install\apache-tomcat-8.5.68\bin\tcnative-1.dll: Can't load IA 32-bit .dll on a AMD 64-bit platform]

java.lang.UnsatisfiedLinkError: D:\install\apache-tomcat-8.5.68\bin\tcnative-1.dll: Can't load IA 32-bit .dll on a AMD 64-bit platform
	at java.base/java.lang.ClassLoader$NativeLibrary.load0(Native Method) ~[na:na]
	at java.base/java.lang.ClassLoader$NativeLibrary.load(ClassLoader.java:2450) ~[na:na]
	at java.base/java.lang.ClassLoader$NativeLibrary.loadLibrary(ClassLoader.java:2506) ~[na:na]
	at java.base/java.lang.ClassLoader.loadLibrary0(ClassLoader.java:2705) ~[na:na]
	at java.base/java.lang.ClassLoader.loadLibrary(ClassLoader.java:2667) ~[na:na]
	at java.base/java.lang.Runtime.loadLibrary0(Runtime.java:830) ~[na:na]
	at java.base/java.lang.System.loadLibrary(System.java:1890) ~[na:na]
	at org.apache.tomcat.jni.Library.<init>(Library.java:62) ~[tomcat-embed-core-9.0.75.jar:9.0.75]
	at org.apache.tomcat.jni.Library.initialize(Library.java:232) ~[tomcat-embed-core-9.0.75.jar:9.0.75]
	at org.apache.catalina.core.AprLifecycleListener.init(AprLifecycleListener.java:194) ~[tomcat-embed-core-9.0.75.jar:9.0.75]
	at org.apache.catalina.core.AprLifecycleListener.isAprAvailable(AprLifecycleListener.java:107) ~[tomcat-embed-core-9.0.75.jar:9.0.75]
	at org.springframework.boot.web.embedded.tomcat.TomcatServletWebServerFactory.getDefaultServerLifecycleListeners(TomcatServletWebServerFactory.java:182) ~[spring-boot-2.7.12.jar:2.7.12]
	at org.springframework.boot.web.embedded.tomcat.TomcatServletWebServerFactory.<init>(TomcatServletWebServerFactory.java:129) ~[spring-boot-2.7.12.jar:2.7.12]
	at org.springframework.boot.autoconfigure.web.servlet.ServletWebServerFactoryConfiguration$EmbeddedTomcat.tomcatServletWebServerFactory(ServletWebServerFactoryConfiguration.java:76) ~[spring-boot-autoconfigure-2.7.12.jar:2.7.12]
	at java.base/jdk.internal.reflect.NativeMethodAccessorImpl.invoke0(Native Method) ~[na:na]
	at java.base/jdk.internal.reflect.NativeMethodAccessorImpl.invoke(NativeMethodAccessorImpl.java:62) ~[na:na]
	at java.base/jdk.internal.reflect.DelegatingMethodAccessorImpl.invoke(DelegatingMethodAccessorImpl.java:43) ~[na:na]
	at java.base/java.lang.reflect.Method.invoke(Method.java:566) ~[na:na]
	at org.springframework.beans.factory.support.SimpleInstantiationStrategy.instantiate(SimpleInstantiationStrategy.java:154) ~[spring-beans-5.3.27.jar:5.3.27]
	at org.springframework.beans.factory.support.ConstructorResolver.instantiate(ConstructorResolver.java:653) ~[spring-beans-5.3.27.jar:5.3.27]
	at org.springframework.beans.factory.support.ConstructorResolver.instantiateUsingFactoryMethod(ConstructorResolver.java:638) ~[spring-beans-5.3.27.jar:5.3.27]
	at org.springframework.beans.factory.support.AbstractAutowireCapableBeanFactory.instantiateUsingFactoryMethod(AbstractAutowireCapableBeanFactory.java:1352) ~[spring-beans-5.3.27.jar:5.3.27]
	at org.springframework.beans.factory.support.AbstractAutowireCapableBeanFactory.createBeanInstance(AbstractAutowireCapableBeanFactory.java:1195) ~[spring-beans-5.3.27.jar:5.3.27]
	at org.springframework.beans.factory.support.AbstractAutowireCapableBeanFactory.doCreateBean(AbstractAutowireCapableBeanFactory.java:582) ~[spring-beans-5.3.27.jar:5.3.27]
	at org.springframework.beans.factory.support.AbstractAutowireCapableBeanFactory.createBean(AbstractAutowireCapableBeanFactory.java:542) ~[spring-beans-5.3.27.jar:5.3.27]
	at org.springframework.beans.factory.support.AbstractBeanFactory.lambda$doGetBean$0(AbstractBeanFactory.java:335) ~[spring-beans-5.3.27.jar:5.3.27]
	at org.springframework.beans.factory.support.DefaultSingletonBeanRegistry.getSingleton(DefaultSingletonBeanRegistry.java:234) ~[spring-beans-5.3.27.jar:5.3.27]
	at org.springframework.beans.factory.support.AbstractBeanFactory.doGetBean(AbstractBeanFactory.java:333) ~[spring-beans-5.3.27.jar:5.3.27]
	at org.springframework.beans.factory.support.AbstractBeanFactory.getBean(AbstractBeanFactory.java:213) ~[spring-beans-5.3.27.jar:5.3.27]
	at org.springframework.boot.web.servlet.context.ServletWebServerApplicationContext.getWebServerFactory(ServletWebServerApplicationContext.java:219) ~[spring-boot-2.7.12.jar:2.7.12]
	at org.springframework.boot.web.servlet.context.ServletWebServerApplicationContext.createWebServer(ServletWebServerApplicationContext.java:182) ~[spring-boot-2.7.12.jar:2.7.12]
	at org.springframework.boot.web.servlet.context.ServletWebServerApplicationContext.onRefresh(ServletWebServerApplicationContext.java:162) ~[spring-boot-2.7.12.jar:2.7.12]
	at org.springframework.context.support.AbstractApplicationContext.refresh(AbstractApplicationContext.java:577) ~[spring-context-5.3.27.jar:5.3.27]
	at org.springframework.boot.web.servlet.context.ServletWebServerApplicationContext.refresh(ServletWebServerApplicationContext.java:147) ~[spring-boot-2.7.12.jar:2.7.12]
	at org.springframework.boot.SpringApplication.refresh(SpringApplication.java:731) ~[spring-boot-2.7.12.jar:2.7.12]
	at org.springframework.boot.SpringApplication.refreshContext(SpringApplication.java:408) ~[spring-boot-2.7.12.jar:2.7.12]
	at org.springframework.boot.SpringApplication.run(SpringApplication.java:307) ~[spring-boot-2.7.12.jar:2.7.12]
	at org.springframework.boot.SpringApplication.run(SpringApplication.java:1303) ~[spring-boot-2.7.12.jar:2.7.12]
	at org.springframework.boot.SpringApplication.run(SpringApplication.java:1292) ~[spring-boot-2.7.12.jar:2.7.12]
	at com.hmall.cart.CartApplication.main(CartApplication.java:13) ~[classes/:na]

16:19:09:890  INFO 26608 --- [main] o.s.b.w.embedded.tomcat.TomcatWebServer  : Tomcat initialized with port(s): 8082 (http)
16:19:09:900  INFO 26608 --- [main] o.apache.catalina.core.StandardService   : Starting service [Tomcat]
16:19:09:901  INFO 26608 --- [main] org.apache.catalina.core.StandardEngine  : Starting Servlet engine: [Apache Tomcat/9.0.75]
16:19:10:011  INFO 26608 --- [main] o.a.c.c.C.[Tomcat].[localhost].[/]       : Initializing Spring embedded WebApplicationContext
16:19:10:012  INFO 26608 --- [main] w.s.c.ServletWebServerApplicationContext : Root WebApplicationContext: initialization completed in 1505 ms
16:19:11:231  INFO 26608 --- [main] pertySourcedRequestMappingHandlerMapping : Mapped URL path [/v2/api-docs] onto method [springfox.documentation.swagger2.web.Swagger2ControllerWebMvc#getDocumentation(String, HttpServletRequest)]
16:19:11:308  INFO 26608 --- [main] o.s.b.w.embedded.tomcat.TomcatWebServer  : Tomcat started on port(s): 8082 (http) with context path ''
16:19:11:309  INFO 26608 --- [main] d.s.w.p.DocumentationPluginsBootstrapper : Documentation plugins bootstrapped
16:19:11:311  INFO 26608 --- [main] d.s.w.p.DocumentationPluginsBootstrapper : Found 1 custom documentation plugin(s)
16:19:11:338  INFO 26608 --- [main] s.d.s.w.s.ApiListingReferenceScanner     : Scanning for api listing references
16:19:11:450  INFO 26608 --- [main] com.hmall.cart.CartApplication           : Started CartApplication in 3.49 seconds (JVM running for 4.725)
16:19:44:022  INFO 26608 --- [http-nio-8082-exec-1] o.a.c.c.C.[Tomcat].[localhost].[/]       : Initializing Spring DispatcherServlet 'dispatcherServlet'
16:19:44:025  INFO 26608 --- [http-nio-8082-exec-1] o.s.web.servlet.DispatcherServlet        : Initializing Servlet 'dispatcherServlet'
16:19:44:028  INFO 26608 --- [http-nio-8082-exec-1] o.s.web.servlet.DispatcherServlet        : Completed initialization in 3 ms
16:19:53:210  INFO 26608 --- [http-nio-8082-exec-1] com.zaxxer.hikari.HikariDataSource       : HikariPool-1 - Starting...
16:19:54:035  INFO 26608 --- [http-nio-8082-exec-1] com.zaxxer.hikari.HikariDataSource       : HikariPool-1 - Start completed.
16:19:54:046 DEBUG 26608 --- [http-nio-8082-exec-1] c.h.cart.mapper.CartMapper.selectList    : ==>  Preparing: SELECT id,user_id,item_id,num,name,spec,price,image,create_time,update_time FROM cart WHERE (user_id = ?)
16:19:54:098 DEBUG 26608 --- [http-nio-8082-exec-1] c.h.cart.mapper.CartMapper.selectList    : ==> Parameters: 1(Long)
16:19:54:178 DEBUG 26608 --- [http-nio-8082-exec-1] c.h.cart.mapper.CartMapper.selectList    : <==      Total: 1
16:20:58:885 DEBUG 26608 --- [http-nio-8082-exec-7] c.h.cart.mapper.CartMapper.selectList    : ==>  Preparing: SELECT id,user_id,item_id,num,name,spec,price,image,create_time,update_time FROM cart WHERE (user_id = ?)
16:20:58:887 DEBUG 26608 --- [http-nio-8082-exec-7] c.h.cart.mapper.CartMapper.selectList    : ==> Parameters: 1(Long)
16:20:58:893 DEBUG 26608 --- [http-nio-8082-exec-7] c.h.cart.mapper.CartMapper.selectList    : <==      Total: 1
16:21:07:727 DEBUG 26608 --- [http-nio-8082-exec-5] c.h.cart.mapper.CartMapper.selectList    : ==>  Preparing: SELECT id,user_id,item_id,num,name,spec,price,image,create_time,update_time FROM cart WHERE (user_id = ?)
16:21:07:728 DEBUG 26608 --- [http-nio-8082-exec-5] c.h.cart.mapper.CartMapper.selectList    : ==> Parameters: 1(Long)
16:21:07:735 DEBUG 26608 --- [http-nio-8082-exec-5] c.h.cart.mapper.CartMapper.selectList    : <==      Total: 1
16:21:16:227 DEBUG 26608 --- [http-nio-8082-exec-8] c.h.cart.mapper.CartMapper.selectList    : ==>  Preparing: SELECT id,user_id,item_id,num,name,spec,price,image,create_time,update_time FROM cart WHERE (user_id = ?)
16:21:16:228 DEBUG 26608 --- [http-nio-8082-exec-8] c.h.cart.mapper.CartMapper.selectList    : ==> Parameters: 1(Long)
16:21:16:234 DEBUG 26608 --- [http-nio-8082-exec-8] c.h.cart.mapper.CartMapper.selectList    : <==      Total: 1
16:26:29:494 DEBUG 26608 --- [http-nio-8082-exec-9] c.h.cart.mapper.CartMapper.selectList    : ==>  Preparing: SELECT id,user_id,item_id,num,name,spec,price,image,create_time,update_time FROM cart WHERE (user_id = ?)
16:26:29:494 DEBUG 26608 --- [http-nio-8082-exec-9] c.h.cart.mapper.CartMapper.selectList    : ==> Parameters: 1(Long)
16:26:29:501 DEBUG 26608 --- [http-nio-8082-exec-9] c.h.cart.mapper.CartMapper.selectList    : <==      Total: 1
18:51:15:728  INFO 26608 --- [SpringApplicationShutdownHook] com.zaxxer.hikari.HikariDataSource       : HikariPool-1 - Shutdown initiated...
18:51:15:774  INFO 26608 --- [SpringApplicationShutdownHook] com.zaxxer.hikari.HikariDataSource       : HikariPool-1 - Shutdown completed.
18:52:54:276  INFO 12988 --- [main] com.hmall.cart.CartApplication           : Starting CartApplication using Java 11.0.30 on linzhou with PID 12988 (D:\java_all_codes\hmall\cart-service\target\classes started by linz in D:\java_all_codes\hmall)
18:52:54:278 DEBUG 12988 --- [main] com.hmall.cart.CartApplication           : Running with Spring Boot v2.7.12, Spring v5.3.27
18:52:54:278  INFO 12988 --- [main] com.hmall.cart.CartApplication           : The following 1 profile is active: "local"
18:52:55:145  INFO 12988 --- [main] o.s.cloud.context.scope.GenericScope     : BeanFactory id=81e76505-54e2-3c8c-bdb7-de0b9e229746
18:52:55:265  WARN 12988 --- [main] o.a.catalina.core.AprLifecycleListener   : The Apache Tomcat Native library failed to load. The error reported was [D:\install\apache-tomcat-8.5.68\bin\tcnative-1.dll: Can't load IA 32-bit .dll on a AMD 64-bit platform]

java.lang.UnsatisfiedLinkError: D:\install\apache-tomcat-8.5.68\bin\tcnative-1.dll: Can't load IA 32-bit .dll on a AMD 64-bit platform
	at java.base/java.lang.ClassLoader$NativeLibrary.load0(Native Method) ~[na:na]
	at java.base/java.lang.ClassLoader$NativeLibrary.load(ClassLoader.java:2450) ~[na:na]
	at java.base/java.lang.ClassLoader$NativeLibrary.loadLibrary(ClassLoader.java:2506) ~[na:na]
	at java.base/java.lang.ClassLoader.loadLibrary0(ClassLoader.java:2705) ~[na:na]
	at java.base/java.lang.ClassLoader.loadLibrary(ClassLoader.java:2667) ~[na:na]
	at java.base/java.lang.Runtime.loadLibrary0(Runtime.java:830) ~[na:na]
	at java.base/java.lang.System.loadLibrary(System.java:1890) ~[na:na]
	at org.apache.tomcat.jni.Library.<init>(Library.java:62) ~[tomcat-embed-core-9.0.75.jar:9.0.75]
	at org.apache.tomcat.jni.Library.initialize(Library.java:232) ~[tomcat-embed-core-9.0.75.jar:9.0.75]
	at org.apache.catalina.core.AprLifecycleListener.init(AprLifecycleListener.java:194) ~[tomcat-embed-core-9.0.75.jar:9.0.75]
	at org.apache.catalina.core.AprLifecycleListener.isAprAvailable(AprLifecycleListener.java:107) ~[tomcat-embed-core-9.0.75.jar:9.0.75]
	at org.springframework.boot.web.embedded.tomcat.TomcatServletWebServerFactory.getDefaultServerLifecycleListeners(TomcatServletWebServerFactory.java:182) ~[spring-boot-2.7.12.jar:2.7.12]
	at org.springframework.boot.web.embedded.tomcat.TomcatServletWebServerFactory.<init>(TomcatServletWebServerFactory.java:129) ~[spring-boot-2.7.12.jar:2.7.12]
	at org.springframework.boot.autoconfigure.web.servlet.ServletWebServerFactoryConfiguration$EmbeddedTomcat.tomcatServletWebServerFactory(ServletWebServerFactoryConfiguration.java:76) ~[spring-boot-autoconfigure-2.7.12.jar:2.7.12]
	at java.base/jdk.internal.reflect.NativeMethodAccessorImpl.invoke0(Native Method) ~[na:na]
	at java.base/jdk.internal.reflect.NativeMethodAccessorImpl.invoke(NativeMethodAccessorImpl.java:62) ~[na:na]
	at java.base/jdk.internal.reflect.DelegatingMethodAccessorImpl.invoke(DelegatingMethodAccessorImpl.java:43) ~[na:na]
	at java.base/java.lang.reflect.Method.invoke(Method.java:566) ~[na:na]
	at org.springframework.beans.factory.support.SimpleInstantiationStrategy.instantiate(SimpleInstantiationStrategy.java:154) ~[spring-beans-5.3.27.jar:5.3.27]
	at org.springframework.beans.factory.support.ConstructorResolver.instantiate(ConstructorResolver.java:653) ~[spring-beans-5.3.27.jar:5.3.27]
	at org.springframework.beans.factory.support.ConstructorResolver.instantiateUsingFactoryMethod(ConstructorResolver.java:638) ~[spring-beans-5.3.27.jar:5.3.27]
	at org.springframework.beans.factory.support.AbstractAutowireCapableBeanFactory.instantiateUsingFactoryMethod(AbstractAutowireCapableBeanFactory.java:1352) ~[spring-beans-5.3.27.jar:5.3.27]
	at org.springframework.beans.factory.support.AbstractAutowireCapableBeanFactory.createBeanInstance(AbstractAutowireCapableBeanFactory.java:1195) ~[spring-beans-5.3.27.jar:5.3.27]
	at org.springframework.beans.factory.support.AbstractAutowireCapableBeanFactory.doCreateBean(AbstractAutowireCapableBeanFactory.java:582) ~[spring-beans-5.3.27.jar:5.3.27]
	at org.springframework.beans.factory.support.AbstractAutowireCapableBeanFactory.createBean(AbstractAutowireCapableBeanFactory.java:542) ~[spring-beans-5.3.27.jar:5.3.27]
	at org.springframework.beans.factory.support.AbstractBeanFactory.lambda$doGetBean$0(AbstractBeanFactory.java:335) ~[spring-beans-5.3.27.jar:5.3.27]
	at org.springframework.beans.factory.support.DefaultSingletonBeanRegistry.getSingleton(DefaultSingletonBeanRegistry.java:234) ~[spring-beans-5.3.27.jar:5.3.27]
	at org.springframework.beans.factory.support.AbstractBeanFactory.doGetBean(AbstractBeanFactory.java:333) ~[spring-beans-5.3.27.jar:5.3.27]
	at org.springframework.beans.factory.support.AbstractBeanFactory.getBean(AbstractBeanFactory.java:213) ~[spring-beans-5.3.27.jar:5.3.27]
	at org.springframework.boot.web.servlet.context.ServletWebServerApplicationContext.getWebServerFactory(ServletWebServerApplicationContext.java:219) ~[spring-boot-2.7.12.jar:2.7.12]
	at org.springframework.boot.web.servlet.context.ServletWebServerApplicationContext.createWebServer(ServletWebServerApplicationContext.java:182) ~[spring-boot-2.7.12.jar:2.7.12]
	at org.springframework.boot.web.servlet.context.ServletWebServerApplicationContext.onRefresh(ServletWebServerApplicationContext.java:162) ~[spring-boot-2.7.12.jar:2.7.12]
	at org.springframework.context.support.AbstractApplicationContext.refresh(AbstractApplicationContext.java:577) ~[spring-context-5.3.27.jar:5.3.27]
	at org.springframework.boot.web.servlet.context.ServletWebServerApplicationContext.refresh(ServletWebServerApplicationContext.java:147) ~[spring-boot-2.7.12.jar:2.7.12]
	at org.springframework.boot.SpringApplication.refresh(SpringApplication.java:731) ~[spring-boot-2.7.12.jar:2.7.12]
	at org.springframework.boot.SpringApplication.refreshContext(SpringApplication.java:408) ~[spring-boot-2.7.12.jar:2.7.12]
	at org.springframework.boot.SpringApplication.run(SpringApplication.java:307) ~[spring-boot-2.7.12.jar:2.7.12]
	at org.springframework.boot.SpringApplication.run(SpringApplication.java:1303) ~[spring-boot-2.7.12.jar:2.7.12]
	at org.springframework.boot.SpringApplication.run(SpringApplication.java:1292) ~[spring-boot-2.7.12.jar:2.7.12]
	at com.hmall.cart.CartApplication.main(CartApplication.java:13) ~[classes/:na]

18:52:55:464  INFO 12988 --- [main] o.s.b.w.embedded.tomcat.TomcatWebServer  : Tomcat initialized with port(s): 8082 (http)
18:52:55:476  INFO 12988 --- [main] o.apache.catalina.core.StandardService   : Starting service [Tomcat]
18:52:55:477  INFO 12988 --- [main] org.apache.catalina.core.StandardEngine  : Starting Servlet engine: [Apache Tomcat/9.0.75]
18:52:55:582  INFO 12988 --- [main] o.a.c.c.C.[Tomcat].[localhost].[/]       : Initializing Spring embedded WebApplicationContext
18:52:55:582  INFO 12988 --- [main] w.s.c.ServletWebServerApplicationContext : Root WebApplicationContext: initialization completed in 1264 ms
18:52:57:181  INFO 12988 --- [main] o.s.cloud.commons.util.InetUtils         : Cannot determine local hostname
18:52:59:147  INFO 12988 --- [main] o.s.cloud.commons.util.InetUtils         : Cannot determine local hostname
18:53:01:210  INFO 12988 --- [main] pertySourcedRequestMappingHandlerMapping : Mapped URL path [/v2/api-docs] onto method [springfox.documentation.swagger2.web.Swagger2ControllerWebMvc#getDocumentation(String, HttpServletRequest)]
18:53:01:378  INFO 12988 --- [main] com.alibaba.nacos.common.remote.client   : [RpcClientFactory] create a new rpc client of 00b0cbcb-ad65-4ea4-8889-5044038bfca0
18:53:01:413  INFO 12988 --- [main] org.reflections.Reflections              : Reflections took 17 ms to scan 1 urls, producing 3 keys and 6 values 
18:53:01:448  INFO 12988 --- [main] org.reflections.Reflections              : Reflections took 16 ms to scan 1 urls, producing 4 keys and 9 values 
18:53:01:464  INFO 12988 --- [main] org.reflections.Reflections              : Reflections took 11 ms to scan 1 urls, producing 3 keys and 10 values 
18:53:01:467  WARN 12988 --- [main] org.reflections.Reflections              : given scan urls are empty. set urls in the configuration
18:53:01:476  INFO 12988 --- [main] org.reflections.Reflections              : Reflections took 8 ms to scan 1 urls, producing 1 keys and 5 values 
18:53:01:484  INFO 12988 --- [main] org.reflections.Reflections              : Reflections took 6 ms to scan 1 urls, producing 1 keys and 7 values 
18:53:01:492  INFO 12988 --- [main] org.reflections.Reflections              : Reflections took 5 ms to scan 1 urls, producing 2 keys and 8 values 
18:53:01:494  WARN 12988 --- [main] org.reflections.Reflections              : given scan urls are empty. set urls in the configuration
18:53:01:495  INFO 12988 --- [main] com.alibaba.nacos.common.remote.client   : [00b0cbcb-ad65-4ea4-8889-5044038bfca0] RpcClient init label, labels = {module=naming, source=sdk}
18:53:01:497  INFO 12988 --- [main] com.alibaba.nacos.common.remote.client   : [00b0cbcb-ad65-4ea4-8889-5044038bfca0] RpcClient init, ServerListFactory = com.alibaba.nacos.client.naming.core.ServerListManager
18:53:01:497  INFO 12988 --- [main] com.alibaba.nacos.common.remote.client   : [00b0cbcb-ad65-4ea4-8889-5044038bfca0] Registry connection listener to current client:com.alibaba.nacos.client.naming.remote.gprc.redo.NamingGrpcRedoService
18:53:01:497  INFO 12988 --- [main] com.alibaba.nacos.common.remote.client   : [00b0cbcb-ad65-4ea4-8889-5044038bfca0] Register server push request handler:com.alibaba.nacos.client.naming.remote.gprc.NamingPushRequestHandler
18:53:01:499  INFO 12988 --- [main] com.alibaba.nacos.common.remote.client   : [00b0cbcb-ad65-4ea4-8889-5044038bfca0] Try to connect to server on start up, server: {serverIp = '192.168.100.128', server main port = 8848}
18:53:02:893  INFO 12988 --- [main] com.alibaba.nacos.common.remote.client   : [00b0cbcb-ad65-4ea4-8889-5044038bfca0] Success to connect to server [192.168.100.128:8848] on start up, connectionId = 1769770383031_192.168.100.1_59461
18:53:02:894  INFO 12988 --- [com.alibaba.nacos.client.remote.worker] com.alibaba.nacos.common.remote.client   : [00b0cbcb-ad65-4ea4-8889-5044038bfca0] Notify connected event to listeners.
18:53:02:896  INFO 12988 --- [main] com.alibaba.nacos.common.remote.client   : [00b0cbcb-ad65-4ea4-8889-5044038bfca0] Register server push request handler:com.alibaba.nacos.common.remote.client.RpcClient$ConnectResetRequestHandler
18:53:02:897  INFO 12988 --- [main] com.alibaba.nacos.common.remote.client   : [00b0cbcb-ad65-4ea4-8889-5044038bfca0] Register server push request handler:com.alibaba.nacos.common.remote.client.RpcClient$$Lambda$902/0x0000000800681040
18:53:02:959  INFO 12988 --- [main] o.s.b.w.embedded.tomcat.TomcatWebServer  : Tomcat started on port(s): 8082 (http) with context path ''
18:53:03:500  INFO 12988 --- [nacos-grpc-client-executor-7] com.alibaba.nacos.common.remote.client   : [00b0cbcb-ad65-4ea4-8889-5044038bfca0] Receive server push request, request = NotifySubscriberRequest, requestId = 21
18:53:03:502  INFO 12988 --- [nacos-grpc-client-executor-7] com.alibaba.nacos.common.remote.client   : [00b0cbcb-ad65-4ea4-8889-5044038bfca0] Ack server push request, request = NotifySubscriberRequest, requestId = 21
18:53:04:358  INFO 12988 --- [main] o.s.cloud.commons.util.InetUtils         : Cannot determine local hostname
18:53:04:403  INFO 12988 --- [main] c.a.c.n.registry.NacosServiceRegistry    : nacos registry, DEFAULT_GROUP cart-service 192.168.100.1:8082 register finished
18:53:04:405  INFO 12988 --- [main] d.s.w.p.DocumentationPluginsBootstrapper : Documentation plugins bootstrapped
18:53:04:407  INFO 12988 --- [main] d.s.w.p.DocumentationPluginsBootstrapper : Found 1 custom documentation plugin(s)
18:53:04:429  INFO 12988 --- [main] s.d.s.w.s.ApiListingReferenceScanner     : Scanning for api listing references
18:53:04:508  INFO 12988 --- [main] com.hmall.cart.CartApplication           : Started CartApplication in 12.294 seconds (JVM running for 13.774)
18:53:04:978  INFO 12988 --- [nacos-grpc-client-executor-11] com.alibaba.nacos.common.remote.client   : [00b0cbcb-ad65-4ea4-8889-5044038bfca0] Receive server push request, request = NotifySubscriberRequest, requestId = 22
18:53:05:003  INFO 12988 --- [nacos-grpc-client-executor-11] com.alibaba.nacos.common.remote.client   : [00b0cbcb-ad65-4ea4-8889-5044038bfca0] Ack server push request, request = NotifySubscriberRequest, requestId = 22
18:53:11:479  INFO 12988 --- [http-nio-8082-exec-1] o.a.c.c.C.[Tomcat].[localhost].[/]       : Initializing Spring DispatcherServlet 'dispatcherServlet'
18:53:11:479  INFO 12988 --- [http-nio-8082-exec-1] o.s.web.servlet.DispatcherServlet        : Initializing Servlet 'dispatcherServlet'
18:53:11:482  INFO 12988 --- [http-nio-8082-exec-1] o.s.web.servlet.DispatcherServlet        : Completed initialization in 2 ms
18:53:11:619  INFO 12988 --- [http-nio-8082-exec-1] com.zaxxer.hikari.HikariDataSource       : HikariPool-1 - Starting...
18:53:12:080  INFO 12988 --- [http-nio-8082-exec-1] com.zaxxer.hikari.HikariDataSource       : HikariPool-1 - Start completed.
18:53:12:087 DEBUG 12988 --- [http-nio-8082-exec-1] c.h.cart.mapper.CartMapper.selectList    : ==>  Preparing: SELECT id,user_id,item_id,num,name,spec,price,image,create_time,update_time FROM cart WHERE (user_id = ?)
18:53:12:103 DEBUG 12988 --- [http-nio-8082-exec-1] c.h.cart.mapper.CartMapper.selectList    : ==> Parameters: 1(Long)
18:53:12:146 DEBUG 12988 --- [http-nio-8082-exec-1] c.h.cart.mapper.CartMapper.selectList    : <==      Total: 1
18:53:12:791  INFO 12988 --- [nacos-grpc-client-executor-15] com.alibaba.nacos.common.remote.client   : [00b0cbcb-ad65-4ea4-8889-5044038bfca0] Receive server push request, request = NotifySubscriberRequest, requestId = 23
18:53:12:793  INFO 12988 --- [nacos-grpc-client-executor-15] com.alibaba.nacos.common.remote.client   : [00b0cbcb-ad65-4ea4-8889-5044038bfca0] Ack server push request, request = NotifySubscriberRequest, requestId = 23
19:03:04:624 DEBUG 12988 --- [http-nio-8082-exec-2] c.h.cart.mapper.CartMapper.selectList    : ==>  Preparing: SELECT id,user_id,item_id,num,name,spec,price,image,create_time,update_time FROM cart WHERE (user_id = ?)
19:03:04:625 DEBUG 12988 --- [http-nio-8082-exec-2] c.h.cart.mapper.CartMapper.selectList    : ==> Parameters: 1(Long)
19:03:04:632 DEBUG 12988 --- [http-nio-8082-exec-2] c.h.cart.mapper.CartMapper.selectList    : <==      Total: 1
19:03:05:474 DEBUG 12988 --- [http-nio-8082-exec-4] c.h.cart.mapper.CartMapper.selectList    : ==>  Preparing: SELECT id,user_id,item_id,num,name,spec,price,image,create_time,update_time FROM cart WHERE (user_id = ?)
19:03:05:474 DEBUG 12988 --- [http-nio-8082-exec-4] c.h.cart.mapper.CartMapper.selectList    : ==> Parameters: 1(Long)
19:03:05:482 DEBUG 12988 --- [http-nio-8082-exec-4] c.h.cart.mapper.CartMapper.selectList    : <==      Total: 1
21:47:30:803  WARN 12988 --- [Thread-7] c.a.n.common.http.HttpClientBeanHolder   : [HttpClientBeanHolder] Start destroying common HttpClient
21:47:30:803  WARN 12988 --- [Thread-4] c.a.nacos.common.notify.NotifyCenter     : [NotifyCenter] Start destroying Publisher
21:47:30:811  WARN 12988 --- [Thread-4] c.a.nacos.common.notify.NotifyCenter     : [NotifyCenter] Destruction of the end
21:47:30:815  WARN 12988 --- [Thread-7] c.a.n.common.http.HttpClientBeanHolder   : [HttpClientBeanHolder] Destruction of the end
21:47:31:543  INFO 12988 --- [SpringApplicationShutdownHook] c.a.c.n.registry.NacosServiceRegistry    : De-registering from Nacos Server now...
21:47:31:557  INFO 12988 --- [SpringApplicationShutdownHook] c.a.c.n.registry.NacosServiceRegistry    : De-registration finished.
21:47:31:890  INFO 12988 --- [SpringApplicationShutdownHook] com.alibaba.nacos.common.remote.client   : Shutdown rpc client, set status to shutdown
21:47:31:892  INFO 12988 --- [SpringApplicationShutdownHook] com.alibaba.nacos.common.remote.client   : Shutdown client event executor java.util.concurrent.ScheduledThreadPoolExecutor@6b720339[Running, pool size = 2, active threads = 2, queued tasks = 0, completed tasks = 0]
21:47:31:892  INFO 12988 --- [SpringApplicationShutdownHook] com.alibaba.nacos.common.remote.client   : Close current connection 1769770383031_192.168.100.1_59461
21:47:31:898  INFO 12988 --- [nacos-grpc-client-executor-2164] c.a.n.c.remote.client.grpc.GrpcClient    : [1769770383031_192.168.100.1_59461]Ignore complete event,isRunning:false,isAbandon=false
21:47:31:911  INFO 12988 --- [SpringApplicationShutdownHook] c.a.n.c.remote.client.grpc.GrpcClient    : Shutdown grpc executor java.util.concurrent.ThreadPoolExecutor@7761d5cb[Running, pool size = 5, active threads = 0, queued tasks = 0, completed tasks = 2165]
21:47:31:924  INFO 12988 --- [SpringApplicationShutdownHook] com.zaxxer.hikari.HikariDataSource       : HikariPool-1 - Shutdown initiated...
21:47:31:960  INFO 12988 --- [SpringApplicationShutdownHook] com.zaxxer.hikari.HikariDataSource       : HikariPool-1 - Shutdown completed.
21:47:53:736  INFO 28620 --- [main] com.hmall.cart.CartApplication           : Starting CartApplication using Java 11.0.30 on linzhou with PID 28620 (D:\java_all_codes\hmall\cart-service\target\classes started by linz in D:\java_all_codes\hmall)
21:47:53:739 DEBUG 28620 --- [main] com.hmall.cart.CartApplication           : Running with Spring Boot v2.7.12, Spring v5.3.27
21:47:53:739  INFO 28620 --- [main] com.hmall.cart.CartApplication           : The following 1 profile is active: "local"
21:47:55:171  INFO 28620 --- [main] o.s.cloud.context.scope.GenericScope     : BeanFactory id=5a8d9407-3653-329e-ba42-be6625f2fd5d
21:47:55:415  WARN 28620 --- [main] o.a.catalina.core.AprLifecycleListener   : The Apache Tomcat Native library failed to load. The error reported was [D:\install\apache-tomcat-8.5.68\bin\tcnative-1.dll: Can't load IA 32-bit .dll on a AMD 64-bit platform]

java.lang.UnsatisfiedLinkError: D:\install\apache-tomcat-8.5.68\bin\tcnative-1.dll: Can't load IA 32-bit .dll on a AMD 64-bit platform
	at java.base/java.lang.ClassLoader$NativeLibrary.load0(Native Method) ~[na:na]
	at java.base/java.lang.ClassLoader$NativeLibrary.load(ClassLoader.java:2450) ~[na:na]
	at java.base/java.lang.ClassLoader$NativeLibrary.loadLibrary(ClassLoader.java:2506) ~[na:na]
	at java.base/java.lang.ClassLoader.loadLibrary0(ClassLoader.java:2705) ~[na:na]
	at java.base/java.lang.ClassLoader.loadLibrary(ClassLoader.java:2667) ~[na:na]
	at java.base/java.lang.Runtime.loadLibrary0(Runtime.java:830) ~[na:na]
	at java.base/java.lang.System.loadLibrary(System.java:1890) ~[na:na]
	at org.apache.tomcat.jni.Library.<init>(Library.java:62) ~[tomcat-embed-core-9.0.75.jar:9.0.75]
	at org.apache.tomcat.jni.Library.initialize(Library.java:232) ~[tomcat-embed-core-9.0.75.jar:9.0.75]
	at org.apache.catalina.core.AprLifecycleListener.init(AprLifecycleListener.java:194) ~[tomcat-embed-core-9.0.75.jar:9.0.75]
	at org.apache.catalina.core.AprLifecycleListener.isAprAvailable(AprLifecycleListener.java:107) ~[tomcat-embed-core-9.0.75.jar:9.0.75]
	at org.springframework.boot.web.embedded.tomcat.TomcatServletWebServerFactory.getDefaultServerLifecycleListeners(TomcatServletWebServerFactory.java:182) ~[spring-boot-2.7.12.jar:2.7.12]
	at org.springframework.boot.web.embedded.tomcat.TomcatServletWebServerFactory.<init>(TomcatServletWebServerFactory.java:129) ~[spring-boot-2.7.12.jar:2.7.12]
	at org.springframework.boot.autoconfigure.web.servlet.ServletWebServerFactoryConfiguration$EmbeddedTomcat.tomcatServletWebServerFactory(ServletWebServerFactoryConfiguration.java:76) ~[spring-boot-autoconfigure-2.7.12.jar:2.7.12]
	at java.base/jdk.internal.reflect.NativeMethodAccessorImpl.invoke0(Native Method) ~[na:na]
	at java.base/jdk.internal.reflect.NativeMethodAccessorImpl.invoke(NativeMethodAccessorImpl.java:62) ~[na:na]
	at java.base/jdk.internal.reflect.DelegatingMethodAccessorImpl.invoke(DelegatingMethodAccessorImpl.java:43) ~[na:na]
	at java.base/java.lang.reflect.Method.invoke(Method.java:566) ~[na:na]
	at org.springframework.beans.factory.support.SimpleInstantiationStrategy.instantiate(SimpleInstantiationStrategy.java:154) ~[spring-beans-5.3.27.jar:5.3.27]
	at org.springframework.beans.factory.support.ConstructorResolver.instantiate(ConstructorResolver.java:653) ~[spring-beans-5.3.27.jar:5.3.27]
	at org.springframework.beans.factory.support.ConstructorResolver.instantiateUsingFactoryMethod(ConstructorResolver.java:638) ~[spring-beans-5.3.27.jar:5.3.27]
	at org.springframework.beans.factory.support.AbstractAutowireCapableBeanFactory.instantiateUsingFactoryMethod(AbstractAutowireCapableBeanFactory.java:1352) ~[spring-beans-5.3.27.jar:5.3.27]
	at org.springframework.beans.factory.support.AbstractAutowireCapableBeanFactory.createBeanInstance(AbstractAutowireCapableBeanFactory.java:1195) ~[spring-beans-5.3.27.jar:5.3.27]
	at org.springframework.beans.factory.support.AbstractAutowireCapableBeanFactory.doCreateBean(AbstractAutowireCapableBeanFactory.java:582) ~[spring-beans-5.3.27.jar:5.3.27]
	at org.springframework.beans.factory.support.AbstractAutowireCapableBeanFactory.createBean(AbstractAutowireCapableBeanFactory.java:542) ~[spring-beans-5.3.27.jar:5.3.27]
	at org.springframework.beans.factory.support.AbstractBeanFactory.lambda$doGetBean$0(AbstractBeanFactory.java:335) ~[spring-beans-5.3.27.jar:5.3.27]
	at org.springframework.beans.factory.support.DefaultSingletonBeanRegistry.getSingleton(DefaultSingletonBeanRegistry.java:234) ~[spring-beans-5.3.27.jar:5.3.27]
	at org.springframework.beans.factory.support.AbstractBeanFactory.doGetBean(AbstractBeanFactory.java:333) ~[spring-beans-5.3.27.jar:5.3.27]
	at org.springframework.beans.factory.support.AbstractBeanFactory.getBean(AbstractBeanFactory.java:213) ~[spring-beans-5.3.27.jar:5.3.27]
	at org.springframework.boot.web.servlet.context.ServletWebServerApplicationContext.getWebServerFactory(ServletWebServerApplicationContext.java:219) ~[spring-boot-2.7.12.jar:2.7.12]
	at org.springframework.boot.web.servlet.context.ServletWebServerApplicationContext.createWebServer(ServletWebServerApplicationContext.java:182) ~[spring-boot-2.7.12.jar:2.7.12]
	at org.springframework.boot.web.servlet.context.ServletWebServerApplicationContext.onRefresh(ServletWebServerApplicationContext.java:162) ~[spring-boot-2.7.12.jar:2.7.12]
	at org.springframework.context.support.AbstractApplicationContext.refresh(AbstractApplicationContext.java:577) ~[spring-context-5.3.27.jar:5.3.27]
	at org.springframework.boot.web.servlet.context.ServletWebServerApplicationContext.refresh(ServletWebServerApplicationContext.java:147) ~[spring-boot-2.7.12.jar:2.7.12]
	at org.springframework.boot.SpringApplication.refresh(SpringApplication.java:731) ~[spring-boot-2.7.12.jar:2.7.12]
	at org.springframework.boot.SpringApplication.refreshContext(SpringApplication.java:408) ~[spring-boot-2.7.12.jar:2.7.12]
	at org.springframework.boot.SpringApplication.run(SpringApplication.java:307) ~[spring-boot-2.7.12.jar:2.7.12]
	at org.springframework.boot.SpringApplication.run(SpringApplication.java:1303) ~[spring-boot-2.7.12.jar:2.7.12]
	at org.springframework.boot.SpringApplication.run(SpringApplication.java:1292) ~[spring-boot-2.7.12.jar:2.7.12]
	at com.hmall.cart.CartApplication.main(CartApplication.java:15) ~[classes/:na]

21:47:55:679  INFO 28620 --- [main] o.s.b.w.embedded.tomcat.TomcatWebServer  : Tomcat initialized with port(s): 8082 (http)
21:47:55:694  INFO 28620 --- [main] o.apache.catalina.core.StandardService   : Starting service [Tomcat]
21:47:55:695  INFO 28620 --- [main] org.apache.catalina.core.StandardEngine  : Starting Servlet engine: [Apache Tomcat/9.0.75]
21:47:55:869  INFO 28620 --- [main] o.a.c.c.C.[Tomcat].[localhost].[/]       : Initializing Spring embedded WebApplicationContext
21:47:55:869  INFO 28620 --- [main] w.s.c.ServletWebServerApplicationContext : Root WebApplicationContext: initialization completed in 2076 ms
21:47:56:154  INFO 28620 --- [main] o.s.c.openfeign.FeignClientFactoryBean   : For 'item-service' URL not provided. Will try picking an instance via load-balancing.
21:47:59:062  INFO 28620 --- [main] pertySourcedRequestMappingHandlerMapping : Mapped URL path [/v2/api-docs] onto method [springfox.documentation.swagger2.web.Swagger2ControllerWebMvc#getDocumentation(String, HttpServletRequest)]
21:47:59:812  INFO 28620 --- [main] com.alibaba.nacos.common.remote.client   : [RpcClientFactory] create a new rpc client of dc5c23be-9d48-4150-a96b-4f99ad7fd4d8
21:47:59:858  INFO 28620 --- [main] org.reflections.Reflections              : Reflections took 25 ms to scan 1 urls, producing 3 keys and 6 values 
21:47:59:886  INFO 28620 --- [main] org.reflections.Reflections              : Reflections took 12 ms to scan 1 urls, producing 4 keys and 9 values 
21:47:59:897  INFO 28620 --- [main] org.reflections.Reflections              : Reflections took 8 ms to scan 1 urls, producing 3 keys and 10 values 
21:47:59:900  WARN 28620 --- [main] org.reflections.Reflections              : given scan urls are empty. set urls in the configuration
21:47:59:909  INFO 28620 --- [main] org.reflections.Reflections              : Reflections took 8 ms to scan 1 urls, producing 1 keys and 5 values 
21:47:59:919  INFO 28620 --- [main] org.reflections.Reflections              : Reflections took 7 ms to scan 1 urls, producing 1 keys and 7 values 
21:47:59:932  INFO 28620 --- [main] org.reflections.Reflections              : Reflections took 10 ms to scan 1 urls, producing 2 keys and 8 values 
21:47:59:936  WARN 28620 --- [main] org.reflections.Reflections              : given scan urls are empty. set urls in the configuration
21:47:59:937  INFO 28620 --- [main] com.alibaba.nacos.common.remote.client   : [dc5c23be-9d48-4150-a96b-4f99ad7fd4d8] RpcClient init label, labels = {module=naming, source=sdk}
21:47:59:941  INFO 28620 --- [main] com.alibaba.nacos.common.remote.client   : [dc5c23be-9d48-4150-a96b-4f99ad7fd4d8] RpcClient init, ServerListFactory = com.alibaba.nacos.client.naming.core.ServerListManager
21:47:59:941  INFO 28620 --- [main] com.alibaba.nacos.common.remote.client   : [dc5c23be-9d48-4150-a96b-4f99ad7fd4d8] Registry connection listener to current client:com.alibaba.nacos.client.naming.remote.gprc.redo.NamingGrpcRedoService
21:47:59:942  INFO 28620 --- [main] com.alibaba.nacos.common.remote.client   : [dc5c23be-9d48-4150-a96b-4f99ad7fd4d8] Register server push request handler:com.alibaba.nacos.client.naming.remote.gprc.NamingPushRequestHandler
21:47:59:944  INFO 28620 --- [main] com.alibaba.nacos.common.remote.client   : [dc5c23be-9d48-4150-a96b-4f99ad7fd4d8] Try to connect to server on start up, server: {serverIp = '192.168.100.128', server main port = 8848}
21:48:01:927  INFO 28620 --- [main] com.alibaba.nacos.common.remote.client   : [dc5c23be-9d48-4150-a96b-4f99ad7fd4d8] Success to connect to server [192.168.100.128:8848] on start up, connectionId = 1769780882203_192.168.100.1_3014
21:48:01:929  INFO 28620 --- [com.alibaba.nacos.client.remote.worker] com.alibaba.nacos.common.remote.client   : [dc5c23be-9d48-4150-a96b-4f99ad7fd4d8] Notify connected event to listeners.
21:48:01:930  INFO 28620 --- [main] com.alibaba.nacos.common.remote.client   : [dc5c23be-9d48-4150-a96b-4f99ad7fd4d8] Register server push request handler:com.alibaba.nacos.common.remote.client.RpcClient$ConnectResetRequestHandler
21:48:01:932  INFO 28620 --- [main] com.alibaba.nacos.common.remote.client   : [dc5c23be-9d48-4150-a96b-4f99ad7fd4d8] Register server push request handler:com.alibaba.nacos.common.remote.client.RpcClient$$Lambda$977/0x0000000800735840
21:48:02:031  INFO 28620 --- [main] o.s.b.w.embedded.tomcat.TomcatWebServer  : Tomcat started on port(s): 8082 (http) with context path ''
21:48:02:049  INFO 28620 --- [main] c.a.c.n.registry.NacosServiceRegistry    : nacos registry, DEFAULT_GROUP cart-service 192.168.100.1:8082 register finished
21:48:02:549  INFO 28620 --- [nacos-grpc-client-executor-9] com.alibaba.nacos.common.remote.client   : [dc5c23be-9d48-4150-a96b-4f99ad7fd4d8] Receive server push request, request = NotifySubscriberRequest, requestId = 27
21:48:02:565  INFO 28620 --- [nacos-grpc-client-executor-9] com.alibaba.nacos.common.remote.client   : [dc5c23be-9d48-4150-a96b-4f99ad7fd4d8] Ack server push request, request = NotifySubscriberRequest, requestId = 27
21:48:02:636  INFO 28620 --- [main] d.s.w.p.DocumentationPluginsBootstrapper : Documentation plugins bootstrapped
21:48:02:639  INFO 28620 --- [main] d.s.w.p.DocumentationPluginsBootstrapper : Found 1 custom documentation plugin(s)
21:48:02:666  INFO 28620 --- [main] s.d.s.w.s.ApiListingReferenceScanner     : Scanning for api listing references
21:48:02:777  INFO 28620 --- [main] com.hmall.cart.CartApplication           : Started CartApplication in 10.756 seconds (JVM running for 12.938)
21:48:08:022  INFO 28620 --- [http-nio-8082-exec-1] o.a.c.c.C.[Tomcat].[localhost].[/]       : Initializing Spring DispatcherServlet 'dispatcherServlet'
21:48:08:022  INFO 28620 --- [http-nio-8082-exec-1] o.s.web.servlet.DispatcherServlet        : Initializing Servlet 'dispatcherServlet'
21:48:08:023  INFO 28620 --- [http-nio-8082-exec-1] o.s.web.servlet.DispatcherServlet        : Completed initialization in 1 ms
21:48:08:151  INFO 28620 --- [http-nio-8082-exec-1] com.zaxxer.hikari.HikariDataSource       : HikariPool-1 - Starting...
21:48:08:570  INFO 28620 --- [http-nio-8082-exec-1] com.zaxxer.hikari.HikariDataSource       : HikariPool-1 - Start completed.
21:48:08:582 DEBUG 28620 --- [http-nio-8082-exec-1] c.h.cart.mapper.CartMapper.selectList    : ==>  Preparing: SELECT id,user_id,item_id,num,name,spec,price,image,create_time,update_time FROM cart WHERE (user_id = ?)
21:48:08:604 DEBUG 28620 --- [http-nio-8082-exec-1] c.h.cart.mapper.CartMapper.selectList    : ==> Parameters: 1(Long)
21:48:08:640 DEBUG 28620 --- [http-nio-8082-exec-1] c.h.cart.mapper.CartMapper.selectList    : <==      Total: 1
21:48:09:398  INFO 28620 --- [nacos-grpc-client-executor-13] com.alibaba.nacos.common.remote.client   : [dc5c23be-9d48-4150-a96b-4f99ad7fd4d8] Receive server push request, request = NotifySubscriberRequest, requestId = 28
21:48:09:398  INFO 28620 --- [nacos-grpc-client-executor-13] com.alibaba.nacos.common.remote.client   : [dc5c23be-9d48-4150-a96b-4f99ad7fd4d8] Ack server push request, request = NotifySubscriberRequest, requestId = 28
21:48:19:422 DEBUG 28620 --- [http-nio-8082-exec-2] c.h.cart.mapper.CartMapper.selectList    : ==>  Preparing: SELECT id,user_id,item_id,num,name,spec,price,image,create_time,update_time FROM cart WHERE (user_id = ?)
21:48:19:423 DEBUG 28620 --- [http-nio-8082-exec-2] c.h.cart.mapper.CartMapper.selectList    : ==> Parameters: 1(Long)
21:48:19:426 DEBUG 28620 --- [http-nio-8082-exec-2] c.h.cart.mapper.CartMapper.selectList    : <==      Total: 1
22:30:14:705  WARN 28620 --- [Thread-4] c.a.nacos.common.notify.NotifyCenter     : [NotifyCenter] Start destroying Publisher
22:30:14:705  WARN 28620 --- [Thread-7] c.a.n.common.http.HttpClientBeanHolder   : [HttpClientBeanHolder] Start destroying common HttpClient
22:30:14:706  WARN 28620 --- [Thread-4] c.a.nacos.common.notify.NotifyCenter     : [NotifyCenter] Destruction of the end
22:30:14:708  WARN 28620 --- [Thread-7] c.a.n.common.http.HttpClientBeanHolder   : [HttpClientBeanHolder] Destruction of the end
22:30:15:218  INFO 28620 --- [SpringApplicationShutdownHook] c.a.c.n.registry.NacosServiceRegistry    : De-registering from Nacos Server now...
22:30:15:224  INFO 28620 --- [SpringApplicationShutdownHook] c.a.c.n.registry.NacosServiceRegistry    : De-registration finished.
22:30:15:549  INFO 28620 --- [SpringApplicationShutdownHook] com.alibaba.nacos.common.remote.client   : Shutdown rpc client, set status to shutdown
22:30:15:549  INFO 28620 --- [SpringApplicationShutdownHook] com.alibaba.nacos.common.remote.client   : Shutdown client event executor java.util.concurrent.ScheduledThreadPoolExecutor@54917a32[Running, pool size = 2, active threads = 2, queued tasks = 0, completed tasks = 0]
22:30:15:549  INFO 28620 --- [SpringApplicationShutdownHook] com.alibaba.nacos.common.remote.client   : Close current connection 1769780882203_192.168.100.1_3014
22:30:15:551  INFO 28620 --- [nacos-grpc-client-executor-552] c.a.n.c.remote.client.grpc.GrpcClient    : [1769780882203_192.168.100.1_3014]Ignore complete event,isRunning:false,isAbandon=false
22:30:15:560  INFO 28620 --- [SpringApplicationShutdownHook] c.a.n.c.remote.client.grpc.GrpcClient    : Shutdown grpc executor java.util.concurrent.ThreadPoolExecutor@28848a3[Running, pool size = 4, active threads = 0, queued tasks = 0, completed tasks = 553]
22:30:15:568  INFO 28620 --- [SpringApplicationShutdownHook] com.zaxxer.hikari.HikariDataSource       : HikariPool-1 - Shutdown initiated...
22:30:15:604  INFO 28620 --- [SpringApplicationShutdownHook] com.zaxxer.hikari.HikariDataSource       : HikariPool-1 - Shutdown completed.
22:30:27:506  INFO 26748 --- [main] com.hmall.cart.CartApplication           : Starting CartApplication using Java 11.0.30 on linzhou with PID 26748 (D:\java_all_codes\hmall\cart-service\target\classes started by linz in D:\java_all_codes\hmall)
22:30:27:511 DEBUG 26748 --- [main] com.hmall.cart.CartApplication           : Running with Spring Boot v2.7.12, Spring v5.3.27
22:30:27:513  INFO 26748 --- [main] com.hmall.cart.CartApplication           : The following 1 profile is active: "local"
22:30:28:664  INFO 26748 --- [main] o.s.cloud.context.scope.GenericScope     : BeanFactory id=de0ed586-b383-314b-822b-179fba74ab4f
22:30:28:817  WARN 26748 --- [main] o.a.catalina.core.AprLifecycleListener   : The Apache Tomcat Native library failed to load. The error reported was [D:\install\apache-tomcat-8.5.68\bin\tcnative-1.dll: Can't load IA 32-bit .dll on a AMD 64-bit platform]

java.lang.UnsatisfiedLinkError: D:\install\apache-tomcat-8.5.68\bin\tcnative-1.dll: Can't load IA 32-bit .dll on a AMD 64-bit platform
	at java.base/java.lang.ClassLoader$NativeLibrary.load0(Native Method) ~[na:na]
	at java.base/java.lang.ClassLoader$NativeLibrary.load(ClassLoader.java:2450) ~[na:na]
	at java.base/java.lang.ClassLoader$NativeLibrary.loadLibrary(ClassLoader.java:2506) ~[na:na]
	at java.base/java.lang.ClassLoader.loadLibrary0(ClassLoader.java:2705) ~[na:na]
	at java.base/java.lang.ClassLoader.loadLibrary(ClassLoader.java:2667) ~[na:na]
	at java.base/java.lang.Runtime.loadLibrary0(Runtime.java:830) ~[na:na]
	at java.base/java.lang.System.loadLibrary(System.java:1890) ~[na:na]
	at org.apache.tomcat.jni.Library.<init>(Library.java:62) ~[tomcat-embed-core-9.0.75.jar:9.0.75]
	at org.apache.tomcat.jni.Library.initialize(Library.java:232) ~[tomcat-embed-core-9.0.75.jar:9.0.75]
	at org.apache.catalina.core.AprLifecycleListener.init(AprLifecycleListener.java:194) ~[tomcat-embed-core-9.0.75.jar:9.0.75]
	at org.apache.catalina.core.AprLifecycleListener.isAprAvailable(AprLifecycleListener.java:107) ~[tomcat-embed-core-9.0.75.jar:9.0.75]
	at org.springframework.boot.web.embedded.tomcat.TomcatServletWebServerFactory.getDefaultServerLifecycleListeners(TomcatServletWebServerFactory.java:182) ~[spring-boot-2.7.12.jar:2.7.12]
	at org.springframework.boot.web.embedded.tomcat.TomcatServletWebServerFactory.<init>(TomcatServletWebServerFactory.java:129) ~[spring-boot-2.7.12.jar:2.7.12]
	at org.springframework.boot.autoconfigure.web.servlet.ServletWebServerFactoryConfiguration$EmbeddedTomcat.tomcatServletWebServerFactory(ServletWebServerFactoryConfiguration.java:76) ~[spring-boot-autoconfigure-2.7.12.jar:2.7.12]
	at java.base/jdk.internal.reflect.NativeMethodAccessorImpl.invoke0(Native Method) ~[na:na]
	at java.base/jdk.internal.reflect.NativeMethodAccessorImpl.invoke(NativeMethodAccessorImpl.java:62) ~[na:na]
	at java.base/jdk.internal.reflect.DelegatingMethodAccessorImpl.invoke(DelegatingMethodAccessorImpl.java:43) ~[na:na]
	at java.base/java.lang.reflect.Method.invoke(Method.java:566) ~[na:na]
	at org.springframework.beans.factory.support.SimpleInstantiationStrategy.instantiate(SimpleInstantiationStrategy.java:154) ~[spring-beans-5.3.27.jar:5.3.27]
	at org.springframework.beans.factory.support.ConstructorResolver.instantiate(ConstructorResolver.java:653) ~[spring-beans-5.3.27.jar:5.3.27]
	at org.springframework.beans.factory.support.ConstructorResolver.instantiateUsingFactoryMethod(ConstructorResolver.java:638) ~[spring-beans-5.3.27.jar:5.3.27]
	at org.springframework.beans.factory.support.AbstractAutowireCapableBeanFactory.instantiateUsingFactoryMethod(AbstractAutowireCapableBeanFactory.java:1352) ~[spring-beans-5.3.27.jar:5.3.27]
	at org.springframework.beans.factory.support.AbstractAutowireCapableBeanFactory.createBeanInstance(AbstractAutowireCapableBeanFactory.java:1195) ~[spring-beans-5.3.27.jar:5.3.27]
	at org.springframework.beans.factory.support.AbstractAutowireCapableBeanFactory.doCreateBean(AbstractAutowireCapableBeanFactory.java:582) ~[spring-beans-5.3.27.jar:5.3.27]
	at org.springframework.beans.factory.support.AbstractAutowireCapableBeanFactory.createBean(AbstractAutowireCapableBeanFactory.java:542) ~[spring-beans-5.3.27.jar:5.3.27]
	at org.springframework.beans.factory.support.AbstractBeanFactory.lambda$doGetBean$0(AbstractBeanFactory.java:335) ~[spring-beans-5.3.27.jar:5.3.27]
	at org.springframework.beans.factory.support.DefaultSingletonBeanRegistry.getSingleton(DefaultSingletonBeanRegistry.java:234) ~[spring-beans-5.3.27.jar:5.3.27]
	at org.springframework.beans.factory.support.AbstractBeanFactory.doGetBean(AbstractBeanFactory.java:333) ~[spring-beans-5.3.27.jar:5.3.27]
	at org.springframework.beans.factory.support.AbstractBeanFactory.getBean(AbstractBeanFactory.java:213) ~[spring-beans-5.3.27.jar:5.3.27]
	at org.springframework.boot.web.servlet.context.ServletWebServerApplicationContext.getWebServerFactory(ServletWebServerApplicationContext.java:219) ~[spring-boot-2.7.12.jar:2.7.12]
	at org.springframework.boot.web.servlet.context.ServletWebServerApplicationContext.createWebServer(ServletWebServerApplicationContext.java:182) ~[spring-boot-2.7.12.jar:2.7.12]
	at org.springframework.boot.web.servlet.context.ServletWebServerApplicationContext.onRefresh(ServletWebServerApplicationContext.java:162) ~[spring-boot-2.7.12.jar:2.7.12]
	at org.springframework.context.support.AbstractApplicationContext.refresh(AbstractApplicationContext.java:577) ~[spring-context-5.3.27.jar:5.3.27]
	at org.springframework.boot.web.servlet.context.ServletWebServerApplicationContext.refresh(ServletWebServerApplicationContext.java:147) ~[spring-boot-2.7.12.jar:2.7.12]
	at org.springframework.boot.SpringApplication.refresh(SpringApplication.java:731) ~[spring-boot-2.7.12.jar:2.7.12]
	at org.springframework.boot.SpringApplication.refreshContext(SpringApplication.java:408) ~[spring-boot-2.7.12.jar:2.7.12]
	at org.springframework.boot.SpringApplication.run(SpringApplication.java:307) ~[spring-boot-2.7.12.jar:2.7.12]
	at org.springframework.boot.SpringApplication.run(SpringApplication.java:1303) ~[spring-boot-2.7.12.jar:2.7.12]
	at org.springframework.boot.SpringApplication.run(SpringApplication.java:1292) ~[spring-boot-2.7.12.jar:2.7.12]
	at com.hmall.cart.CartApplication.main(CartApplication.java:15) ~[classes/:na]

22:30:29:079  INFO 26748 --- [main] o.s.b.w.embedded.tomcat.TomcatWebServer  : Tomcat initialized with port(s): 8082 (http)
22:30:29:088  INFO 26748 --- [main] o.apache.catalina.core.StandardService   : Starting service [Tomcat]
22:30:29:088  INFO 26748 --- [main] org.apache.catalina.core.StandardEngine  : Starting Servlet engine: [Apache Tomcat/9.0.75]
22:30:29:231  INFO 26748 --- [main] o.a.c.c.C.[Tomcat].[localhost].[/]       : Initializing Spring embedded WebApplicationContext
22:30:29:233  INFO 26748 --- [main] w.s.c.ServletWebServerApplicationContext : Root WebApplicationContext: initialization completed in 1656 ms
22:30:29:481  INFO 26748 --- [main] o.s.c.openfeign.FeignClientFactoryBean   : For 'item-service' URL not provided. Will try picking an instance via load-balancing.
22:30:31:951  INFO 26748 --- [main] pertySourcedRequestMappingHandlerMapping : Mapped URL path [/v2/api-docs] onto method [springfox.documentation.swagger2.web.Swagger2ControllerWebMvc#getDocumentation(String, HttpServletRequest)]
22:30:32:649  INFO 26748 --- [main] com.alibaba.nacos.common.remote.client   : [RpcClientFactory] create a new rpc client of 0c820582-b5a4-427b-b512-1b2bf170c45b
22:30:32:696  INFO 26748 --- [main] org.reflections.Reflections              : Reflections took 24 ms to scan 1 urls, producing 3 keys and 6 values 
22:30:32:723  INFO 26748 --- [main] org.reflections.Reflections              : Reflections took 8 ms to scan 1 urls, producing 4 keys and 9 values 
22:30:32:735  INFO 26748 --- [main] org.reflections.Reflections              : Reflections took 8 ms to scan 1 urls, producing 3 keys and 10 values 
22:30:32:737  WARN 26748 --- [main] org.reflections.Reflections              : given scan urls are empty. set urls in the configuration
22:30:32:744  INFO 26748 --- [main] org.reflections.Reflections              : Reflections took 7 ms to scan 1 urls, producing 1 keys and 5 values 
22:30:32:767  INFO 26748 --- [main] org.reflections.Reflections              : Reflections took 19 ms to scan 1 urls, producing 1 keys and 7 values 
22:30:32:777  INFO 26748 --- [main] org.reflections.Reflections              : Reflections took 8 ms to scan 1 urls, producing 2 keys and 8 values 
22:30:32:782  WARN 26748 --- [main] org.reflections.Reflections              : given scan urls are empty. set urls in the configuration
22:30:32:783  INFO 26748 --- [main] com.alibaba.nacos.common.remote.client   : [0c820582-b5a4-427b-b512-1b2bf170c45b] RpcClient init label, labels = {module=naming, source=sdk}
22:30:32:785  INFO 26748 --- [main] com.alibaba.nacos.common.remote.client   : [0c820582-b5a4-427b-b512-1b2bf170c45b] RpcClient init, ServerListFactory = com.alibaba.nacos.client.naming.core.ServerListManager
22:30:32:786  INFO 26748 --- [main] com.alibaba.nacos.common.remote.client   : [0c820582-b5a4-427b-b512-1b2bf170c45b] Registry connection listener to current client:com.alibaba.nacos.client.naming.remote.gprc.redo.NamingGrpcRedoService
22:30:32:786  INFO 26748 --- [main] com.alibaba.nacos.common.remote.client   : [0c820582-b5a4-427b-b512-1b2bf170c45b] Register server push request handler:com.alibaba.nacos.client.naming.remote.gprc.NamingPushRequestHandler
22:30:32:788  INFO 26748 --- [main] com.alibaba.nacos.common.remote.client   : [0c820582-b5a4-427b-b512-1b2bf170c45b] Try to connect to server on start up, server: {serverIp = '192.168.100.128', server main port = 8848}
22:30:34:727  INFO 26748 --- [main] com.alibaba.nacos.common.remote.client   : [0c820582-b5a4-427b-b512-1b2bf170c45b] Success to connect to server [192.168.100.128:8848] on start up, connectionId = 1769783435066_192.168.100.1_15674
22:30:34:728  INFO 26748 --- [com.alibaba.nacos.client.remote.worker] com.alibaba.nacos.common.remote.client   : [0c820582-b5a4-427b-b512-1b2bf170c45b] Notify connected event to listeners.
22:30:34:730  INFO 26748 --- [main] com.alibaba.nacos.common.remote.client   : [0c820582-b5a4-427b-b512-1b2bf170c45b] Register server push request handler:com.alibaba.nacos.common.remote.client.RpcClient$ConnectResetRequestHandler
22:30:34:731  INFO 26748 --- [main] com.alibaba.nacos.common.remote.client   : [0c820582-b5a4-427b-b512-1b2bf170c45b] Register server push request handler:com.alibaba.nacos.common.remote.client.RpcClient$$Lambda$990/0x0000000800850440
22:30:34:815  INFO 26748 --- [main] o.s.b.w.embedded.tomcat.TomcatWebServer  : Tomcat started on port(s): 8082 (http) with context path ''
22:30:34:831  INFO 26748 --- [main] c.a.c.n.registry.NacosServiceRegistry    : nacos registry, DEFAULT_GROUP cart-service 192.168.100.1:8082 register finished
22:30:35:301  INFO 26748 --- [main] d.s.w.p.DocumentationPluginsBootstrapper : Documentation plugins bootstrapped
22:30:35:305  INFO 26748 --- [main] d.s.w.p.DocumentationPluginsBootstrapper : Found 1 custom documentation plugin(s)
22:30:35:339  INFO 26748 --- [main] s.d.s.w.s.ApiListingReferenceScanner     : Scanning for api listing references
22:30:35:353  INFO 26748 --- [nacos-grpc-client-executor-9] com.alibaba.nacos.common.remote.client   : [0c820582-b5a4-427b-b512-1b2bf170c45b] Receive server push request, request = NotifySubscriberRequest, requestId = 29
22:30:35:370  INFO 26748 --- [nacos-grpc-client-executor-9] com.alibaba.nacos.common.remote.client   : [0c820582-b5a4-427b-b512-1b2bf170c45b] Ack server push request, request = NotifySubscriberRequest, requestId = 29
22:30:35:447  INFO 26748 --- [main] com.hmall.cart.CartApplication           : Started CartApplication in 9.388 seconds (JVM running for 11.335)
22:30:49:233  INFO 26748 --- [http-nio-8082-exec-2] o.a.c.c.C.[Tomcat].[localhost].[/]       : Initializing Spring DispatcherServlet 'dispatcherServlet'
22:30:49:233  INFO 26748 --- [http-nio-8082-exec-2] o.s.web.servlet.DispatcherServlet        : Initializing Servlet 'dispatcherServlet'
22:30:49:239  INFO 26748 --- [http-nio-8082-exec-2] o.s.web.servlet.DispatcherServlet        : Completed initialization in 6 ms
22:30:49:343  INFO 26748 --- [http-nio-8082-exec-2] com.zaxxer.hikari.HikariDataSource       : HikariPool-1 - Starting...
22:30:49:683  INFO 26748 --- [http-nio-8082-exec-2] com.zaxxer.hikari.HikariDataSource       : HikariPool-1 - Start completed.
22:30:49:689 DEBUG 26748 --- [http-nio-8082-exec-2] c.h.cart.mapper.CartMapper.selectList    : ==>  Preparing: SELECT id,user_id,item_id,num,name,spec,price,image,create_time,update_time FROM cart WHERE (user_id = ?)
22:30:49:708 DEBUG 26748 --- [http-nio-8082-exec-2] c.h.cart.mapper.CartMapper.selectList    : ==> Parameters: 1(Long)
22:30:49:734 DEBUG 26748 --- [http-nio-8082-exec-2] c.h.cart.mapper.CartMapper.selectList    : <==      Total: 1
22:30:50:455  INFO 26748 --- [nacos-grpc-client-executor-15] com.alibaba.nacos.common.remote.client   : [0c820582-b5a4-427b-b512-1b2bf170c45b] Receive server push request, request = NotifySubscriberRequest, requestId = 30
22:30:50:456  INFO 26748 --- [nacos-grpc-client-executor-15] com.alibaba.nacos.common.remote.client   : [0c820582-b5a4-427b-b512-1b2bf170c45b] Ack server push request, request = NotifySubscriberRequest, requestId = 30
22:41:55:543  WARN 26748 --- [Thread-4] c.a.nacos.common.notify.NotifyCenter     : [NotifyCenter] Start destroying Publisher
22:41:55:544  WARN 26748 --- [Thread-4] c.a.nacos.common.notify.NotifyCenter     : [NotifyCenter] Destruction of the end
22:41:55:548  WARN 26748 --- [Thread-7] c.a.n.common.http.HttpClientBeanHolder   : [HttpClientBeanHolder] Start destroying common HttpClient
22:41:55:549  WARN 26748 --- [Thread-7] c.a.n.common.http.HttpClientBeanHolder   : [HttpClientBeanHolder] Destruction of the end
22:41:56:675  INFO 26748 --- [SpringApplicationShutdownHook] c.a.c.n.registry.NacosServiceRegistry    : De-registering from Nacos Server now...
22:41:56:686  INFO 26748 --- [SpringApplicationShutdownHook] c.a.c.n.registry.NacosServiceRegistry    : De-registration finished.
22:41:57:020  INFO 26748 --- [SpringApplicationShutdownHook] com.alibaba.nacos.common.remote.client   : Shutdown rpc client, set status to shutdown
22:41:57:020  INFO 26748 --- [SpringApplicationShutdownHook] com.alibaba.nacos.common.remote.client   : Shutdown client event executor java.util.concurrent.ScheduledThreadPoolExecutor@6993b23c[Running, pool size = 2, active threads = 2, queued tasks = 0, completed tasks = 0]
22:41:57:020  INFO 26748 --- [SpringApplicationShutdownHook] com.alibaba.nacos.common.remote.client   : Close current connection 1769783435066_192.168.100.1_15674
22:41:57:023  INFO 26748 --- [nacos-grpc-client-executor-164] c.a.n.c.remote.client.grpc.GrpcClient    : [1769783435066_192.168.100.1_15674]Ignore complete event,isRunning:false,isAbandon=false
22:41:57:028  INFO 26748 --- [SpringApplicationShutdownHook] c.a.n.c.remote.client.grpc.GrpcClient    : Shutdown grpc executor java.util.concurrent.ThreadPoolExecutor@45ea96f7[Running, pool size = 5, active threads = 0, queued tasks = 0, completed tasks = 165]
22:41:57:036  INFO 26748 --- [SpringApplicationShutdownHook] com.zaxxer.hikari.HikariDataSource       : HikariPool-1 - Shutdown initiated...
22:41:57:083  INFO 26748 --- [SpringApplicationShutdownHook] com.zaxxer.hikari.HikariDataSource       : HikariPool-1 - Shutdown completed.
