00:02:46:850  INFO 15032 --- [main] com.hmall.item.ItemApplication           : Starting ItemApplication using Java 11.0.30 on linzhou with PID 15032 (D:\java_all_codes\hmall\item-service\target\classes started by linz in D:\java_all_codes\hmall)
00:02:46:857 DEBUG 15032 --- [main] com.hmall.item.ItemApplication           : Running with Spring Boot v2.7.12, Spring v5.3.27
00:02:46:857  INFO 15032 --- [main] com.hmall.item.ItemApplication           : The following 1 profile is active: "local"
00:02:47:839  INFO 15032 --- [main] o.s.cloud.context.scope.GenericScope     : BeanFactory id=4bfc9de9-e038-3558-935b-3c76900ae4be
00:02:47:978  WARN 15032 --- [main] o.a.catalina.core.AprLifecycleListener   : The Apache Tomcat Native library failed to load. The error reported was [D:\install\apache-tomcat-8.5.68\bin\tcnative-1.dll: Can't load IA 32-bit .dll on a AMD 64-bit platform]

java.lang.UnsatisfiedLinkError: D:\install\apache-tomcat-8.5.68\bin\tcnative-1.dll: Can't load IA 32-bit .dll on a AMD 64-bit platform
	at java.base/java.lang.ClassLoader$NativeLibrary.load0(Native Method) ~[na:na]
	at java.base/java.lang.ClassLoader$NativeLibrary.load(ClassLoader.java:2450) ~[na:na]
	at java.base/java.lang.ClassLoader$NativeLibrary.loadLibrary(ClassLoader.java:2506) ~[na:na]
	at java.base/java.lang.ClassLoader.loadLibrary0(ClassLoader.java:2705) ~[na:na]
	at java.base/java.lang.ClassLoader.loadLibrary(ClassLoader.java:2667) ~[na:na]
	at java.base/java.lang.Runtime.loadLibrary0(Runtime.java:830) ~[na:na]
	at java.base/java.lang.System.loadLibrary(System.java:1890) ~[na:na]
	at org.apache.tomcat.jni.Library.<init>(Library.java:62) ~[tomcat-embed-core-9.0.75.jar:9.0.75]
	at org.apache.tomcat.jni.Library.initialize(Library.java:232) ~[tomcat-embed-core-9.0.75.jar:9.0.75]
	at org.apache.catalina.core.AprLifecycleListener.init(AprLifecycleListener.java:194) ~[tomcat-embed-core-9.0.75.jar:9.0.75]
	at org.apache.catalina.core.AprLifecycleListener.isAprAvailable(AprLifecycleListener.java:107) ~[tomcat-embed-core-9.0.75.jar:9.0.75]
	at org.springframework.boot.web.embedded.tomcat.TomcatServletWebServerFactory.getDefaultServerLifecycleListeners(TomcatServletWebServerFactory.java:182) ~[spring-boot-2.7.12.jar:2.7.12]
	at org.springframework.boot.web.embedded.tomcat.TomcatServletWebServerFactory.<init>(TomcatServletWebServerFactory.java:129) ~[spring-boot-2.7.12.jar:2.7.12]
	at org.springframework.boot.autoconfigure.web.servlet.ServletWebServerFactoryConfiguration$EmbeddedTomcat.tomcatServletWebServerFactory(ServletWebServerFactoryConfiguration.java:76) ~[spring-boot-autoconfigure-2.7.12.jar:2.7.12]
	at java.base/jdk.internal.reflect.NativeMethodAccessorImpl.invoke0(Native Method) ~[na:na]
	at java.base/jdk.internal.reflect.NativeMethodAccessorImpl.invoke(NativeMethodAccessorImpl.java:62) ~[na:na]
	at java.base/jdk.internal.reflect.DelegatingMethodAccessorImpl.invoke(DelegatingMethodAccessorImpl.java:43) ~[na:na]
	at java.base/java.lang.reflect.Method.invoke(Method.java:566) ~[na:na]
	at org.springframework.beans.factory.support.SimpleInstantiationStrategy.instantiate(SimpleInstantiationStrategy.java:154) ~[spring-beans-5.3.27.jar:5.3.27]
	at org.springframework.beans.factory.support.ConstructorResolver.instantiate(ConstructorResolver.java:653) ~[spring-beans-5.3.27.jar:5.3.27]
	at org.springframework.beans.factory.support.ConstructorResolver.instantiateUsingFactoryMethod(ConstructorResolver.java:638) ~[spring-beans-5.3.27.jar:5.3.27]
	at org.springframework.beans.factory.support.AbstractAutowireCapableBeanFactory.instantiateUsingFactoryMethod(AbstractAutowireCapableBeanFactory.java:1352) ~[spring-beans-5.3.27.jar:5.3.27]
	at org.springframework.beans.factory.support.AbstractAutowireCapableBeanFactory.createBeanInstance(AbstractAutowireCapableBeanFactory.java:1195) ~[spring-beans-5.3.27.jar:5.3.27]
	at org.springframework.beans.factory.support.AbstractAutowireCapableBeanFactory.doCreateBean(AbstractAutowireCapableBeanFactory.java:582) ~[spring-beans-5.3.27.jar:5.3.27]
	at org.springframework.beans.factory.support.AbstractAutowireCapableBeanFactory.createBean(AbstractAutowireCapableBeanFactory.java:542) ~[spring-beans-5.3.27.jar:5.3.27]
	at org.springframework.beans.factory.support.AbstractBeanFactory.lambda$doGetBean$0(AbstractBeanFactory.java:335) ~[spring-beans-5.3.27.jar:5.3.27]
	at org.springframework.beans.factory.support.DefaultSingletonBeanRegistry.getSingleton(DefaultSingletonBeanRegistry.java:234) ~[spring-beans-5.3.27.jar:5.3.27]
	at org.springframework.beans.factory.support.AbstractBeanFactory.doGetBean(AbstractBeanFactory.java:333) ~[spring-beans-5.3.27.jar:5.3.27]
	at org.springframework.beans.factory.support.AbstractBeanFactory.getBean(AbstractBeanFactory.java:213) ~[spring-beans-5.3.27.jar:5.3.27]
	at org.springframework.boot.web.servlet.context.ServletWebServerApplicationContext.getWebServerFactory(ServletWebServerApplicationContext.java:219) ~[spring-boot-2.7.12.jar:2.7.12]
	at org.springframework.boot.web.servlet.context.ServletWebServerApplicationContext.createWebServer(ServletWebServerApplicationContext.java:182) ~[spring-boot-2.7.12.jar:2.7.12]
	at org.springframework.boot.web.servlet.context.ServletWebServerApplicationContext.onRefresh(ServletWebServerApplicationContext.java:162) ~[spring-boot-2.7.12.jar:2.7.12]
	at org.springframework.context.support.AbstractApplicationContext.refresh(AbstractApplicationContext.java:577) ~[spring-context-5.3.27.jar:5.3.27]
	at org.springframework.boot.web.servlet.context.ServletWebServerApplicationContext.refresh(ServletWebServerApplicationContext.java:147) ~[spring-boot-2.7.12.jar:2.7.12]
	at org.springframework.boot.SpringApplication.refresh(SpringApplication.java:731) ~[spring-boot-2.7.12.jar:2.7.12]
	at org.springframework.boot.SpringApplication.refreshContext(SpringApplication.java:408) ~[spring-boot-2.7.12.jar:2.7.12]
	at org.springframework.boot.SpringApplication.run(SpringApplication.java:307) ~[spring-boot-2.7.12.jar:2.7.12]
	at org.springframework.boot.SpringApplication.run(SpringApplication.java:1303) ~[spring-boot-2.7.12.jar:2.7.12]
	at org.springframework.boot.SpringApplication.run(SpringApplication.java:1292) ~[spring-boot-2.7.12.jar:2.7.12]
	at com.hmall.item.ItemApplication.main(ItemApplication.java:11) ~[classes/:na]

00:02:48:209  INFO 15032 --- [main] o.s.b.w.embedded.tomcat.TomcatWebServer  : Tomcat initialized with port(s): 8083 (http)
00:02:48:218  INFO 15032 --- [main] o.apache.catalina.core.StandardService   : Starting service [Tomcat]
00:02:48:218  INFO 15032 --- [main] org.apache.catalina.core.StandardEngine  : Starting Servlet engine: [Apache Tomcat/9.0.75]
00:02:48:346  INFO 15032 --- [main] o.a.c.c.C.[Tomcat].[localhost].[/]       : Initializing Spring embedded WebApplicationContext
00:02:48:347  INFO 15032 --- [main] w.s.c.ServletWebServerApplicationContext : Root WebApplicationContext: initialization completed in 1429 ms
00:02:51:144  INFO 15032 --- [main] pertySourcedRequestMappingHandlerMapping : Mapped URL path [/v2/api-docs] onto method [springfox.documentation.swagger2.web.Swagger2ControllerWebMvc#getDocumentation(String, HttpServletRequest)]
00:02:52:000  INFO 15032 --- [main] com.alibaba.nacos.common.remote.client   : [RpcClientFactory] create a new rpc client of e4a7f53b-30c7-499f-b6e2-fb341a17cfef
00:02:52:049  INFO 15032 --- [main] org.reflections.Reflections              : Reflections took 25 ms to scan 1 urls, producing 3 keys and 6 values 
00:02:52:080  INFO 15032 --- [main] org.reflections.Reflections              : Reflections took 12 ms to scan 1 urls, producing 4 keys and 9 values 
00:02:52:094  INFO 15032 --- [main] org.reflections.Reflections              : Reflections took 11 ms to scan 1 urls, producing 3 keys and 10 values 
00:02:52:099  WARN 15032 --- [main] org.reflections.Reflections              : given scan urls are empty. set urls in the configuration
00:02:52:110  INFO 15032 --- [main] org.reflections.Reflections              : Reflections took 10 ms to scan 1 urls, producing 1 keys and 5 values 
00:02:52:120  INFO 15032 --- [main] org.reflections.Reflections              : Reflections took 8 ms to scan 1 urls, producing 1 keys and 7 values 
00:02:52:140  INFO 15032 --- [main] org.reflections.Reflections              : Reflections took 14 ms to scan 1 urls, producing 2 keys and 8 values 
00:02:52:144  WARN 15032 --- [main] org.reflections.Reflections              : given scan urls are empty. set urls in the configuration
00:02:52:146  INFO 15032 --- [main] com.alibaba.nacos.common.remote.client   : [e4a7f53b-30c7-499f-b6e2-fb341a17cfef] RpcClient init label, labels = {module=naming, source=sdk}
00:02:52:149  INFO 15032 --- [main] com.alibaba.nacos.common.remote.client   : [e4a7f53b-30c7-499f-b6e2-fb341a17cfef] RpcClient init, ServerListFactory = com.alibaba.nacos.client.naming.core.ServerListManager
00:02:52:149  INFO 15032 --- [main] com.alibaba.nacos.common.remote.client   : [e4a7f53b-30c7-499f-b6e2-fb341a17cfef] Registry connection listener to current client:com.alibaba.nacos.client.naming.remote.gprc.redo.NamingGrpcRedoService
00:02:52:149  INFO 15032 --- [main] com.alibaba.nacos.common.remote.client   : [e4a7f53b-30c7-499f-b6e2-fb341a17cfef] Register server push request handler:com.alibaba.nacos.client.naming.remote.gprc.NamingPushRequestHandler
00:02:52:151  INFO 15032 --- [main] com.alibaba.nacos.common.remote.client   : [e4a7f53b-30c7-499f-b6e2-fb341a17cfef] Try to connect to server on start up, server: {serverIp = '192.168.100.128', server main port = 8848}
00:02:54:267  INFO 15032 --- [main] com.alibaba.nacos.common.remote.client   : [e4a7f53b-30c7-499f-b6e2-fb341a17cfef] Success to connect to server [192.168.100.128:8848] on start up, connectionId = 1769788974663_192.168.100.1_41241
00:02:54:269  INFO 15032 --- [main] com.alibaba.nacos.common.remote.client   : [e4a7f53b-30c7-499f-b6e2-fb341a17cfef] Register server push request handler:com.alibaba.nacos.common.remote.client.RpcClient$ConnectResetRequestHandler
00:02:54:268  INFO 15032 --- [com.alibaba.nacos.client.remote.worker] com.alibaba.nacos.common.remote.client   : [e4a7f53b-30c7-499f-b6e2-fb341a17cfef] Notify connected event to listeners.
00:02:54:272  INFO 15032 --- [main] com.alibaba.nacos.common.remote.client   : [e4a7f53b-30c7-499f-b6e2-fb341a17cfef] Register server push request handler:com.alibaba.nacos.common.remote.client.RpcClient$$Lambda$936/0x00000008007e0040
00:02:54:355  INFO 15032 --- [main] o.s.b.w.embedded.tomcat.TomcatWebServer  : Tomcat started on port(s): 8083 (http) with context path ''
00:02:54:375  INFO 15032 --- [main] c.a.c.n.registry.NacosServiceRegistry    : nacos registry, DEFAULT_GROUP item-service 192.168.100.1:8083 register finished
00:02:54:907  INFO 15032 --- [nacos-grpc-client-executor-9] com.alibaba.nacos.common.remote.client   : [e4a7f53b-30c7-499f-b6e2-fb341a17cfef] Receive server push request, request = NotifySubscriberRequest, requestId = 32
00:02:54:929  INFO 15032 --- [nacos-grpc-client-executor-9] com.alibaba.nacos.common.remote.client   : [e4a7f53b-30c7-499f-b6e2-fb341a17cfef] Ack server push request, request = NotifySubscriberRequest, requestId = 32
00:02:55:292  INFO 15032 --- [main] d.s.w.p.DocumentationPluginsBootstrapper : Documentation plugins bootstrapped
00:02:55:297  INFO 15032 --- [main] d.s.w.p.DocumentationPluginsBootstrapper : Found 1 custom documentation plugin(s)
00:02:55:329  INFO 15032 --- [main] s.d.s.w.s.ApiListingReferenceScanner     : Scanning for api listing references
00:02:55:496  INFO 15032 --- [main] com.hmall.item.ItemApplication           : Started ItemApplication in 10.053 seconds (JVM running for 11.457)
00:35:07:769  WARN 15032 --- [Thread-7] c.a.n.common.http.HttpClientBeanHolder   : [HttpClientBeanHolder] Start destroying common HttpClient
00:35:07:770  WARN 15032 --- [Thread-7] c.a.n.common.http.HttpClientBeanHolder   : [HttpClientBeanHolder] Destruction of the end
00:35:07:775  WARN 15032 --- [Thread-4] c.a.nacos.common.notify.NotifyCenter     : [NotifyCenter] Start destroying Publisher
00:35:07:776  WARN 15032 --- [Thread-4] c.a.nacos.common.notify.NotifyCenter     : [NotifyCenter] Destruction of the end
00:35:08:373  INFO 15032 --- [SpringApplicationShutdownHook] c.a.c.n.registry.NacosServiceRegistry    : De-registering from Nacos Server now...
00:35:08:382  INFO 15032 --- [SpringApplicationShutdownHook] c.a.c.n.registry.NacosServiceRegistry    : De-registration finished.
00:35:08:715  INFO 15032 --- [SpringApplicationShutdownHook] com.alibaba.nacos.common.remote.client   : Shutdown rpc client, set status to shutdown
00:35:08:715  INFO 15032 --- [SpringApplicationShutdownHook] com.alibaba.nacos.common.remote.client   : Shutdown client event executor java.util.concurrent.ScheduledThreadPoolExecutor@72dc1771[Running, pool size = 2, active threads = 2, queued tasks = 0, completed tasks = 0]
00:35:08:715  INFO 15032 --- [SpringApplicationShutdownHook] com.alibaba.nacos.common.remote.client   : Close current connection 1769788974663_192.168.100.1_41241
00:35:08:719  INFO 15032 --- [nacos-grpc-client-executor-412] c.a.n.c.remote.client.grpc.GrpcClient    : [1769788974663_192.168.100.1_41241]Ignore complete event,isRunning:false,isAbandon=false
00:35:08:722  INFO 15032 --- [SpringApplicationShutdownHook] c.a.n.c.remote.client.grpc.GrpcClient    : Shutdown grpc executor java.util.concurrent.ThreadPoolExecutor@364aad42[Running, pool size = 4, active threads = 0, queued tasks = 0, completed tasks = 413]
